TN:
SF:src/funko.ts
FN:22,<instance_members_initializer>
FN:34,Funko
FN:69,getId
FN:73,getName
FN:77,getPrice
FN:81,updateFunko
FNF:6
FNH:6
FNDA:7,<instance_members_initializer>
FNDA:7,Funko
FNDA:18,getId
FNDA:2,getName
FNDA:2,getPrice
FNDA:2,updateFunko
DA:1,1
DA:2,1
DA:3,1
DA:4,1
DA:5,1
DA:6,1
DA:7,1
DA:8,1
DA:9,1
DA:10,1
DA:11,1
DA:12,1
DA:13,1
DA:14,1
DA:15,1
DA:16,1
DA:17,1
DA:18,1
DA:19,1
DA:20,1
DA:21,1
DA:22,1
DA:23,7
DA:24,7
DA:25,7
DA:26,7
DA:27,7
DA:28,7
DA:29,7
DA:30,7
DA:31,7
DA:32,7
DA:33,7
DA:34,7
DA:35,7
DA:36,7
DA:37,7
DA:38,7
DA:39,7
DA:40,7
DA:41,7
DA:42,7
DA:43,7
DA:44,7
DA:45,7
DA:46,7
DA:47,1
DA:48,1
DA:49,6
DA:50,6
DA:51,6
DA:52,6
DA:53,6
DA:54,6
DA:55,6
DA:56,6
DA:57,6
DA:58,7
DA:59,1
DA:60,1
DA:61,5
DA:62,5
DA:63,5
DA:64,5
DA:65,5
DA:66,5
DA:67,5
DA:68,7
DA:69,7
DA:70,18
DA:71,18
DA:72,7
DA:73,7
DA:74,2
DA:75,2
DA:76,7
DA:77,7
DA:78,2
DA:79,2
DA:80,7
DA:81,7
DA:82,2
DA:83,2
DA:84,2
DA:85,2
DA:86,2
DA:87,2
DA:88,2
DA:89,2
DA:90,2
DA:91,2
DA:92,2
DA:93,2
DA:94,2
DA:95,2
DA:96,2
DA:97,2
DA:98,2
DA:99,2
DA:100,2
DA:101,2
DA:102,7
LF:102
LH:102
BRDA:2,0,0,1
BRDA:10,1,0,1
BRDA:22,2,0,7
BRDA:34,3,0,7
BRDA:46,4,0,1
BRDA:49,5,0,6
BRDA:58,6,0,1
BRDA:61,7,0,5
BRDA:69,8,0,18
BRDA:73,9,0,2
BRDA:77,10,0,2
BRDA:81,11,0,2
BRF:12
BRH:12
end_of_record
TN:
SF:src/usuario.ts
FN:7,<instance_members_initializer>
FN:12,User
FN:22,addFunko
FN:37,removeFunko
FN:52,getFunkos
FN:59,getFunko
FN:81,modifyFunko
FN:116,listFunkos
FN:129,showFunko
FN:143,saveFunkos
FN:163,loadFunkos
FNF:11
FNH:9
FNDA:1,<instance_members_initializer>
FNDA:1,User
FNDA:2,addFunko
FNDA:2,removeFunko
FNDA:4,getFunkos
FNDA:4,getFunko
FNDA:2,modifyFunko
FNDA:0,listFunkos
FNDA:0,showFunko
FNDA:3,saveFunkos
FNDA:1,loadFunkos
DA:1,1
DA:2,1
DA:3,1
DA:4,1
DA:5,1
DA:6,1
DA:7,1
DA:8,1
DA:9,1
DA:10,1
DA:11,1
DA:12,1
DA:13,1
DA:14,1
DA:15,1
DA:16,1
DA:17,1
DA:18,1
DA:19,1
DA:20,1
DA:21,1
DA:22,1
DA:23,2
DA:24,1
DA:25,1
DA:26,1
DA:27,1
DA:28,1
DA:29,1
DA:30,1
DA:31,1
DA:32,1
DA:33,1
DA:34,1
DA:35,1
DA:36,1
DA:37,1
DA:38,2
DA:39,2
DA:40,1
DA:41,1
DA:42,1
DA:43,1
DA:44,1
DA:45,1
DA:46,1
DA:47,1
DA:48,1
DA:49,1
DA:50,1
DA:51,1
DA:52,1
DA:53,4
DA:54,4
DA:55,1
DA:56,1
DA:57,1
DA:58,1
DA:59,1
DA:60,4
DA:61,4
DA:62,3
DA:63,4
DA:64,1
DA:65,1
DA:66,4
DA:67,1
DA:68,1
DA:69,1
DA:70,1
DA:71,1
DA:72,1
DA:73,1
DA:74,1
DA:75,1
DA:76,1
DA:77,1
DA:78,1
DA:79,1
DA:80,1
DA:81,1
DA:82,2
DA:83,2
DA:84,2
DA:85,2
DA:86,2
DA:87,2
DA:88,2
DA:89,2
DA:90,2
DA:91,2
DA:92,2
DA:93,2
DA:94,1
DA:95,1
DA:96,1
DA:97,1
DA:98,1
DA:99,1
DA:100,1
DA:101,1
DA:102,1
DA:103,1
DA:104,1
DA:105,1
DA:106,1
DA:107,1
DA:108,1
DA:109,1
DA:110,1
DA:111,2
DA:112,1
DA:113,1
DA:114,1
DA:115,1
DA:116,1
DA:117,0
DA:118,0
DA:119,0
DA:120,0
DA:121,0
DA:122,0
DA:123,0
DA:124,1
DA:125,1
DA:126,1
DA:127,1
DA:128,1
DA:129,1
DA:130,0
DA:131,0
DA:132,0
DA:133,0
DA:134,0
DA:135,0
DA:136,0
DA:137,0
DA:138,0
DA:139,1
DA:140,1
DA:141,1
DA:142,1
DA:143,1
DA:144,3
DA:145,3
DA:146,3
DA:147,3
DA:148,0
DA:149,0
DA:150,3
DA:151,3
DA:152,3
DA:153,5
DA:154,5
DA:155,5
DA:156,5
DA:157,3
DA:158,3
DA:159,1
DA:160,1
DA:161,1
DA:162,1
DA:163,1
DA:164,1
DA:165,1
DA:166,1
DA:167,1
DA:168,1
DA:169,1
DA:170,1
DA:171,1
DA:172,1
DA:173,1
DA:174,1
DA:175,1
DA:176,1
DA:177,1
DA:178,1
DA:179,1
DA:180,1
DA:181,1
DA:182,1
DA:183,1
DA:184,1
DA:185,1
DA:186,1
DA:187,1
DA:188,1
DA:189,1
DA:190,1
DA:191,1
DA:192,1
LF:192
LH:174
BRDA:7,0,0,1
BRDA:12,1,0,1
BRDA:22,2,0,2
BRDA:23,3,0,1
BRDA:23,4,0,3
BRDA:37,5,0,2
BRDA:39,6,0,1
BRDA:39,7,0,3
BRDA:43,8,0,2
BRDA:52,9,0,4
BRDA:59,10,0,4
BRDA:61,11,0,3
BRDA:63,12,0,1
BRDA:60,13,0,6
BRDA:81,14,0,2
BRDA:93,15,0,1
BRDA:93,16,0,4
BRDA:96,17,0,2
BRDA:143,18,0,3
BRDA:147,19,0,0
BRDA:152,20,0,5
BRDA:163,21,0,1
BRDA:170,22,0,1
BRF:23
BRH:22
end_of_record
TN:
SF:src/ejercicios_clase/ejercicio.ts
FN:11,<instance_members_initializer>
FN:15,Mochila
FN:21,leerArchivoCSV
FN:50,leerArchivoJSON
FN:60,procesar
FNF:5
FNH:5
FNDA:1,<instance_members_initializer>
FNDA:1,Mochila
FNDA:1,leerArchivoCSV
FNDA:1,leerArchivoJSON
FNDA:3,procesar
DA:1,1
DA:2,1
DA:3,1
DA:4,1
DA:5,1
DA:6,1
DA:7,1
DA:8,1
DA:9,1
DA:10,1
DA:11,1
DA:12,1
DA:13,1
DA:14,1
DA:15,1
DA:16,1
DA:17,1
DA:18,1
DA:19,1
DA:20,1
DA:21,1
DA:22,1
DA:23,1
DA:24,1
DA:25,1
DA:26,1
DA:27,1
DA:28,1
DA:29,1
DA:30,1
DA:31,1
DA:32,1
DA:33,1
DA:34,1
DA:35,1
DA:36,1
DA:37,1
DA:38,1
DA:39,5
DA:40,5
DA:41,5
DA:42,5
DA:43,5
DA:44,1
DA:45,1
DA:46,1
DA:47,1
DA:48,1
DA:49,1
DA:50,1
DA:51,1
DA:52,1
DA:53,1
DA:54,1
DA:55,3
DA:56,3
DA:57,3
DA:58,1
DA:59,1
DA:60,1
DA:61,3
DA:62,3
DA:63,3
DA:64,1
DA:65,1
DA:66,3
DA:67,1
DA:68,1
DA:69,3
DA:70,1
DA:71,3
DA:72,2
DA:73,2
DA:74,2
DA:75,3
DA:76,13
DA:77,13
DA:78,13
DA:79,2
DA:80,2
DA:81,1
LF:81
LH:81
BRDA:11,0,0,1
BRDA:15,1,0,1
BRDA:21,2,0,1
BRDA:38,3,0,5
BRDA:50,4,0,1
BRDA:54,5,0,3
BRDA:60,6,0,3
BRDA:63,7,0,1
BRDA:66,8,0,1
BRDA:69,9,0,1
BRDA:72,10,0,2
BRDA:75,11,0,13
BRDA:79,12,0,2
BRF:13
BRH:13
end_of_record
